2017-03-19 21:26:40 [scrapy.utils.log] INFO: Scrapy 1.3.1 started (bot: imdbscrapper)
2017-03-19 21:26:40 [scrapy.utils.log] INFO: Overridden settings: {'NEWSPIDER_MODULE': 'imdbscrapper.spiders', 'SPIDER_MODULES': ['imdbscrapper.spiders'], 'LOG_FILE': 'logs/imdbscrapper/movie/43418a1c0d0c11e7bf58083e8eee7d6d.log', 'USER_AGENT': 'imdbscrapper (+http://www.yourdomain.com)', 'BOT_NAME': 'imdbscrapper'}
2017-03-19 21:26:40 [scrapy.middleware] INFO: Enabled extensions:
['scrapy.extensions.logstats.LogStats',
 'scrapy.extensions.telnet.TelnetConsole',
 'scrapy.extensions.corestats.CoreStats']
2017-03-19 21:26:40 [scrapy.middleware] INFO: Enabled downloader middlewares:
['scrapy.downloadermiddlewares.httpauth.HttpAuthMiddleware',
 'scrapy.downloadermiddlewares.downloadtimeout.DownloadTimeoutMiddleware',
 'scrapy.downloadermiddlewares.defaultheaders.DefaultHeadersMiddleware',
 'scrapy.downloadermiddlewares.useragent.UserAgentMiddleware',
 'scrapy.downloadermiddlewares.retry.RetryMiddleware',
 'scrapy.downloadermiddlewares.redirect.MetaRefreshMiddleware',
 'scrapy.downloadermiddlewares.httpcompression.HttpCompressionMiddleware',
 'scrapy.downloadermiddlewares.redirect.RedirectMiddleware',
 'scrapy.downloadermiddlewares.cookies.CookiesMiddleware',
 'scrapy.downloadermiddlewares.stats.DownloaderStats']
2017-03-19 21:26:40 [scrapy.middleware] INFO: Enabled spider middlewares:
['scrapy.spidermiddlewares.httperror.HttpErrorMiddleware',
 'scrapy.spidermiddlewares.offsite.OffsiteMiddleware',
 'scrapy.spidermiddlewares.referer.RefererMiddleware',
 'scrapy.spidermiddlewares.urllength.UrlLengthMiddleware',
 'scrapy.spidermiddlewares.depth.DepthMiddleware']
2017-03-19 21:26:40 [scrapy.middleware] INFO: Enabled item pipelines:
['imdbscrapper.pipelines.MySQLStorePipeline']
2017-03-19 21:26:40 [scrapy.core.engine] INFO: Spider opened
2017-03-19 21:26:40 [scrapy.extensions.logstats] INFO: Crawled 0 pages (at 0 pages/min), scraped 0 items (at 0 items/min)
2017-03-19 21:26:40 [scrapy.extensions.telnet] DEBUG: Telnet console listening on 127.0.0.1:6023
2017-03-19 21:26:40 [scrapy.downloadermiddlewares.redirect] DEBUG: Redirecting (301) to <GET http://www.imdb.com/title/tt2771200/> from <GET http://www.imdb.com/title/tt2771200>
2017-03-19 21:26:41 [scrapy.core.engine] DEBUG: Crawled (200) <GET http://www.imdb.com/title/tt2771200/> (referer: None)
2017-03-19 21:26:41 [movie] INFO: Logged: search_url proper_string True
2017-03-19 21:26:42 [scrapy.core.engine] DEBUG: Crawled (200) <GET http://www.bing.com/search?q=rotten+tomatoes+Beauty%20and%20the%20Beast%20> (referer: http://www.imdb.com/title/tt2771200/)
2017-03-19 21:26:42 [movie] INFO: Logged rt_url https://www.rottentomatoes.com/m/beauty_and_the_beast_1991/
2017-03-19 21:26:42 [scrapy.core.engine] DEBUG: Crawled (200) <GET https://www.rottentomatoes.com/m/beauty_and_the_beast_1991/> (referer: http://www.bing.com/search?q=rotten+tomatoes+Beauty%20and%20the%20Beast%20)
2017-03-19 21:26:42 [py.warnings] WARNING: imdbscrapper/pipelines.py:38: Warning: Data truncated for column 'rt_url' at row 1
  item['duration']))

2017-03-19 21:26:42 [py.warnings] WARNING: imdbscrapper/pipelines.py:38: Warning: Data truncated for column 'duration' at row 1
  item['duration']))

2017-03-19 21:26:42 [scrapy.core.scraper] ERROR: Error processing {'duration': [u'\n                        2h 9min\n                    '],
 'genre1': u'Family',
 'genre2': u'Fantasy',
 'genre3': u'Musical',
 'imdb_rating': [u'7.9'],
 'imdb_url': 'http://www.imdb.com/title/tt2771200/',
 'name': u'Beauty and the Beast ',
 'rt_audience_rating': u'92%',
 'rt_critic_rating': u'93',
 'rt_url': 'https://www.rottentomatoes.com/m/beauty_and_the_beast_1991/',
 'year': u'2017'}
Traceback (most recent call last):
  File "/usr/local/lib/python2.7/dist-packages/twisted/internet/defer.py", line 651, in _runCallbacks
    current.result = callback(current.result, *args, **kw)
  File "imdbscrapper/pipelines.py", line 47, in process_item
    item['duration']))
  File "build/bdist.linux-x86_64/egg/MySQLdb/cursors.py", line 210, in execute
TypeError: not all arguments converted during string formatting
2017-03-19 21:26:42 [scrapy.core.engine] INFO: Closing spider (finished)
2017-03-19 21:26:42 [scrapy.statscollectors] INFO: Dumping Scrapy stats:
{'downloader/request_bytes': 1127,
 'downloader/request_count': 4,
 'downloader/request_method_count/GET': 4,
 'downloader/response_bytes': 126645,
 'downloader/response_count': 4,
 'downloader/response_status_count/200': 3,
 'downloader/response_status_count/301': 1,
 'finish_reason': 'finished',
 'finish_time': datetime.datetime(2017, 3, 20, 1, 26, 42, 955010),
 'log_count/DEBUG': 5,
 'log_count/ERROR': 1,
 'log_count/INFO': 9,
 'log_count/WARNING': 2,
 'request_depth_max': 2,
 'response_received_count': 3,
 'scheduler/dequeued': 4,
 'scheduler/dequeued/memory': 4,
 'scheduler/enqueued': 4,
 'scheduler/enqueued/memory': 4,
 'start_time': datetime.datetime(2017, 3, 20, 1, 26, 40, 206006)}
2017-03-19 21:26:42 [scrapy.core.engine] INFO: Spider closed (finished)
