2017-03-19 22:17:00 [scrapy.utils.log] INFO: Scrapy 1.3.1 started (bot: imdbscrapper)
2017-03-19 22:17:00 [scrapy.utils.log] INFO: Overridden settings: {'NEWSPIDER_MODULE': 'imdbscrapper.spiders', 'SPIDER_MODULES': ['imdbscrapper.spiders'], 'LOG_FILE': 'logs/imdbscrapper/movie/4bb6b9040d1311e7bf58083e8eee7d6d.log', 'USER_AGENT': 'imdbscrapper (+http://www.yourdomain.com)', 'BOT_NAME': 'imdbscrapper'}
2017-03-19 22:17:00 [scrapy.middleware] INFO: Enabled extensions:
['scrapy.extensions.logstats.LogStats',
 'scrapy.extensions.telnet.TelnetConsole',
 'scrapy.extensions.corestats.CoreStats']
2017-03-19 22:17:00 [scrapy.middleware] INFO: Enabled downloader middlewares:
['scrapy.downloadermiddlewares.httpauth.HttpAuthMiddleware',
 'scrapy.downloadermiddlewares.downloadtimeout.DownloadTimeoutMiddleware',
 'scrapy.downloadermiddlewares.defaultheaders.DefaultHeadersMiddleware',
 'scrapy.downloadermiddlewares.useragent.UserAgentMiddleware',
 'scrapy.downloadermiddlewares.retry.RetryMiddleware',
 'scrapy.downloadermiddlewares.redirect.MetaRefreshMiddleware',
 'scrapy.downloadermiddlewares.httpcompression.HttpCompressionMiddleware',
 'scrapy.downloadermiddlewares.redirect.RedirectMiddleware',
 'scrapy.downloadermiddlewares.cookies.CookiesMiddleware',
 'scrapy.downloadermiddlewares.stats.DownloaderStats']
2017-03-19 22:17:00 [scrapy.middleware] INFO: Enabled spider middlewares:
['scrapy.spidermiddlewares.httperror.HttpErrorMiddleware',
 'scrapy.spidermiddlewares.offsite.OffsiteMiddleware',
 'scrapy.spidermiddlewares.referer.RefererMiddleware',
 'scrapy.spidermiddlewares.urllength.UrlLengthMiddleware',
 'scrapy.spidermiddlewares.depth.DepthMiddleware']
2017-03-19 22:17:00 [scrapy.middleware] INFO: Enabled item pipelines:
['imdbscrapper.pipelines.MySQLStorePipeline']
2017-03-19 22:17:00 [scrapy.core.engine] INFO: Spider opened
2017-03-19 22:17:00 [scrapy.extensions.logstats] INFO: Crawled 0 pages (at 0 pages/min), scraped 0 items (at 0 items/min)
2017-03-19 22:17:00 [scrapy.extensions.telnet] DEBUG: Telnet console listening on 127.0.0.1:6023
2017-03-19 22:17:00 [scrapy.core.engine] DEBUG: Crawled (200) <GET http://www.imdb.com/title/tt5052448/> (referer: None)
2017-03-19 22:17:01 [movie] INFO: Logged: search_url proper_string True
2017-03-19 22:17:01 [scrapy.core.engine] DEBUG: Crawled (200) <GET http://www.bing.com/search?q=rotten+tomatoes+Get%20Out%20> (referer: http://www.imdb.com/title/tt5052448/)
2017-03-19 22:17:01 [movie] INFO: Logged rt_url https://www.rottentomatoes.com/m/get_out/
2017-03-19 22:17:01 [scrapy.core.engine] DEBUG: Crawled (200) <GET https://www.rottentomatoes.com/m/get_out/> (referer: http://www.bing.com/search?q=rotten+tomatoes+Get%20Out%20)
2017-03-19 22:17:02 [py.warnings] WARNING: imdbscrapper/pipelines.py:38: Warning: Data truncated for column 'duration' at row 1
  item['duration']))

2017-03-19 22:17:02 [py.warnings] WARNING: imdbscrapper/pipelines.py:47: Warning: Field 'watched' doesn't have a default value
  item['duration']))

2017-03-19 22:17:02 [py.warnings] WARNING: imdbscrapper/pipelines.py:47: Warning: Data truncated for column 'rt_rating' at row 1
  item['duration']))

2017-03-19 22:17:02 [movie] DEBUG: Well, here is an new movie id : 122.
2017-03-19 22:17:02 [movie] DEBUG: printing genre1:Horror
2017-03-19 22:17:02 [movie] DEBUG: printing genre2: Mystery
2017-03-19 22:17:02 [movie] DEBUG: printing genre3: None
2017-03-19 22:17:02 [movie] DEBUG: Well, here is an gebre1 id : 3.
2017-03-19 22:17:02 [movie] DEBUG: Well, here is an gebre2 id : 6.
2017-03-19 22:17:02 [scrapy.core.scraper] DEBUG: Scraped from <200 https://www.rottentomatoes.com/m/get_out/>
{'duration': [u'\n                        1h 44min\n                    '],
 'genre1': u'Horror',
 'genre2': u'Mystery',
 'genre3': None,
 'imdb_rating': [u'8.3'],
 'imdb_url': 'http://www.imdb.com/title/tt5052448/',
 'name': u'Get Out ',
 'rt_audience_rating': u'89%',
 'rt_critic_rating': u'99',
 'rt_url': 'https://www.rottentomatoes.com/m/get_out/',
 'year': u'2017'}
2017-03-19 22:17:02 [scrapy.core.engine] INFO: Closing spider (finished)
2017-03-19 22:17:02 [scrapy.statscollectors] INFO: Dumping Scrapy stats:
{'downloader/request_bytes': 842,
 'downloader/request_count': 3,
 'downloader/request_method_count/GET': 3,
 'downloader/response_bytes': 131437,
 'downloader/response_count': 3,
 'downloader/response_status_count/200': 3,
 'finish_reason': 'finished',
 'finish_time': datetime.datetime(2017, 3, 20, 2, 17, 2, 76524),
 'item_scraped_count': 1,
 'log_count/DEBUG': 11,
 'log_count/INFO': 9,
 'log_count/WARNING': 3,
 'request_depth_max': 2,
 'response_received_count': 3,
 'scheduler/dequeued': 3,
 'scheduler/dequeued/memory': 3,
 'scheduler/enqueued': 3,
 'scheduler/enqueued/memory': 3,
 'start_time': datetime.datetime(2017, 3, 20, 2, 17, 0, 115141)}
2017-03-19 22:17:02 [scrapy.core.engine] INFO: Spider closed (finished)
