2017-03-01 23:48:46 [scrapy.utils.log] INFO: Scrapy 1.3.1 started (bot: imdbscrapper)
2017-03-01 23:48:46 [scrapy.utils.log] INFO: Overridden settings: {'NEWSPIDER_MODULE': 'imdbscrapper.spiders', 'ROBOTSTXT_OBEY': True, 'SPIDER_MODULES': ['imdbscrapper.spiders'], 'LOG_FILE': 'logs/imdbscrapper/movie/819df5dcff0311e6a378083e8eee7d6d.log', 'BOT_NAME': 'imdbscrapper'}
2017-03-01 23:48:46 [scrapy.middleware] INFO: Enabled extensions:
['scrapy.extensions.logstats.LogStats',
 'scrapy.extensions.telnet.TelnetConsole',
 'scrapy.extensions.corestats.CoreStats']
2017-03-01 23:48:46 [scrapy.middleware] INFO: Enabled downloader middlewares:
['scrapy.downloadermiddlewares.robotstxt.RobotsTxtMiddleware',
 'scrapy.downloadermiddlewares.httpauth.HttpAuthMiddleware',
 'scrapy.downloadermiddlewares.downloadtimeout.DownloadTimeoutMiddleware',
 'scrapy.downloadermiddlewares.defaultheaders.DefaultHeadersMiddleware',
 'scrapy.downloadermiddlewares.useragent.UserAgentMiddleware',
 'scrapy.downloadermiddlewares.retry.RetryMiddleware',
 'scrapy.downloadermiddlewares.redirect.MetaRefreshMiddleware',
 'scrapy.downloadermiddlewares.httpcompression.HttpCompressionMiddleware',
 'scrapy.downloadermiddlewares.redirect.RedirectMiddleware',
 'scrapy.downloadermiddlewares.cookies.CookiesMiddleware',
 'scrapy.downloadermiddlewares.stats.DownloaderStats']
2017-03-01 23:48:46 [scrapy.middleware] INFO: Enabled spider middlewares:
['scrapy.spidermiddlewares.httperror.HttpErrorMiddleware',
 'scrapy.spidermiddlewares.offsite.OffsiteMiddleware',
 'scrapy.spidermiddlewares.referer.RefererMiddleware',
 'scrapy.spidermiddlewares.urllength.UrlLengthMiddleware',
 'scrapy.spidermiddlewares.depth.DepthMiddleware']
2017-03-01 23:48:46 [scrapy.middleware] INFO: Enabled item pipelines:
['imdbscrapper.pipelines.MySQLStorePipeline']
2017-03-01 23:48:46 [scrapy.core.engine] INFO: Spider opened
2017-03-01 23:48:46 [scrapy.extensions.logstats] INFO: Crawled 0 pages (at 0 pages/min), scraped 0 items (at 0 items/min)
2017-03-01 23:48:46 [scrapy.extensions.telnet] DEBUG: Telnet console listening on 127.0.0.1:6023
2017-03-01 23:48:46 [scrapy.core.engine] DEBUG: Crawled (200) <GET http://www.imdb.com/robots.txt> (referer: None)
2017-03-01 23:48:46 [scrapy.downloadermiddlewares.redirect] DEBUG: Redirecting (301) to <GET http://www.imdb.com/title/tt3315342/> from <GET http://www.imdb.com/title/tt3315342>
2017-03-01 23:48:46 [scrapy.core.engine] DEBUG: Crawled (200) <GET http://www.imdb.com/title/tt3315342/> (referer: None)
2017-03-01 23:48:46 [py.warnings] WARNING: imdbscrapper/pipelines.py:35: Warning: Data truncated for column 'duration' at row 1
  item['url']))

2017-03-01 23:48:46 [py.warnings] WARNING: imdbscrapper/pipelines.py:42: Warning: Field 'watched' doesn't have a default value
  item['duration']))

2017-03-01 23:48:46 [movie] DEBUG: Well, here is an new move id : 121.
2017-03-01 23:48:46 [movie] DEBUG: printing genre1:Action
2017-03-01 23:48:46 [movie] DEBUG: printing genre2: Drama
2017-03-01 23:48:46 [movie] DEBUG: printing genre3: Sci-Fi
2017-03-01 23:48:46 [movie] DEBUG: Well, here is an gebre1 id : 13.
2017-03-01 23:48:46 [movie] DEBUG: Well, here is an gebre2 id : 4.
2017-03-01 23:48:46 [movie] DEBUG: Well, here is an gebre3 id : 8.
2017-03-01 23:48:46 [scrapy.core.scraper] DEBUG: Scraped from <200 http://www.imdb.com/title/tt3315342/>
{'duration': [u'\n                        2h 17min\n                    '],
 'genre1': u'Action',
 'genre2': u'Drama',
 'genre3': u'Sci-Fi',
 'name': u'Logan\xa0',
 'rating': [u'9.0'],
 'url': 'http://www.imdb.com/title/tt3315342/',
 'year': u'2017'}
2017-03-01 23:48:46 [scrapy.core.engine] INFO: Closing spider (finished)
2017-03-01 23:48:46 [scrapy.statscollectors] INFO: Dumping Scrapy stats:
{'downloader/request_bytes': 671,
 'downloader/request_count': 3,
 'downloader/request_method_count/GET': 3,
 'downloader/response_bytes': 32028,
 'downloader/response_count': 3,
 'downloader/response_status_count/200': 2,
 'downloader/response_status_count/301': 1,
 'finish_reason': 'finished',
 'finish_time': datetime.datetime(2017, 3, 2, 4, 48, 46, 866693),
 'item_scraped_count': 1,
 'log_count/DEBUG': 12,
 'log_count/INFO': 7,
 'log_count/WARNING': 2,
 'response_received_count': 2,
 'scheduler/dequeued': 2,
 'scheduler/dequeued/memory': 2,
 'scheduler/enqueued': 2,
 'scheduler/enqueued/memory': 2,
 'start_time': datetime.datetime(2017, 3, 2, 4, 48, 46, 120433)}
2017-03-01 23:48:46 [scrapy.core.engine] INFO: Spider closed (finished)
