2017-03-19 21:30:59 [scrapy.utils.log] INFO: Scrapy 1.3.1 started (bot: imdbscrapper)
2017-03-19 21:30:59 [scrapy.utils.log] INFO: Overridden settings: {'NEWSPIDER_MODULE': 'imdbscrapper.spiders', 'SPIDER_MODULES': ['imdbscrapper.spiders'], 'LOG_FILE': 'logs/imdbscrapper/movie/dd13991e0d0c11e7bf58083e8eee7d6d.log', 'USER_AGENT': 'imdbscrapper (+http://www.yourdomain.com)', 'BOT_NAME': 'imdbscrapper'}
2017-03-19 21:30:59 [scrapy.middleware] INFO: Enabled extensions:
['scrapy.extensions.logstats.LogStats',
 'scrapy.extensions.telnet.TelnetConsole',
 'scrapy.extensions.corestats.CoreStats']
2017-03-19 21:30:59 [scrapy.middleware] INFO: Enabled downloader middlewares:
['scrapy.downloadermiddlewares.httpauth.HttpAuthMiddleware',
 'scrapy.downloadermiddlewares.downloadtimeout.DownloadTimeoutMiddleware',
 'scrapy.downloadermiddlewares.defaultheaders.DefaultHeadersMiddleware',
 'scrapy.downloadermiddlewares.useragent.UserAgentMiddleware',
 'scrapy.downloadermiddlewares.retry.RetryMiddleware',
 'scrapy.downloadermiddlewares.redirect.MetaRefreshMiddleware',
 'scrapy.downloadermiddlewares.httpcompression.HttpCompressionMiddleware',
 'scrapy.downloadermiddlewares.redirect.RedirectMiddleware',
 'scrapy.downloadermiddlewares.cookies.CookiesMiddleware',
 'scrapy.downloadermiddlewares.stats.DownloaderStats']
2017-03-19 21:30:59 [scrapy.middleware] INFO: Enabled spider middlewares:
['scrapy.spidermiddlewares.httperror.HttpErrorMiddleware',
 'scrapy.spidermiddlewares.offsite.OffsiteMiddleware',
 'scrapy.spidermiddlewares.referer.RefererMiddleware',
 'scrapy.spidermiddlewares.urllength.UrlLengthMiddleware',
 'scrapy.spidermiddlewares.depth.DepthMiddleware']
2017-03-19 21:30:59 [scrapy.middleware] INFO: Enabled item pipelines:
['imdbscrapper.pipelines.MySQLStorePipeline']
2017-03-19 21:30:59 [scrapy.core.engine] INFO: Spider opened
2017-03-19 21:30:59 [scrapy.extensions.logstats] INFO: Crawled 0 pages (at 0 pages/min), scraped 0 items (at 0 items/min)
2017-03-19 21:30:59 [scrapy.extensions.telnet] DEBUG: Telnet console listening on 127.0.0.1:6023
2017-03-19 21:31:00 [scrapy.core.engine] DEBUG: Crawled (200) <GET http://www.imdb.com/title/tt2771200/?pf_rd_m=A2FGELUUNOQJNL&pf_rd_p=2750721702&pf_rd_r=1S6YAPNFZVJ310SHWN9Z&pf_rd_s=right-2&pf_rd_t=15061&pf_rd_i=homepage&ref_=hm_otw_t0> (referer: None)
2017-03-19 21:31:00 [movie] INFO: Logged: search_url proper_string True
2017-03-19 21:31:01 [scrapy.core.engine] DEBUG: Crawled (200) <GET http://www.bing.com/search?q=rotten+tomatoes+Beauty%20and%20the%20Beast%20> (referer: http://www.imdb.com/title/tt2771200/?pf_rd_m=A2FGELUUNOQJNL&pf_rd_p=2750721702&pf_rd_r=1S6YAPNFZVJ310SHWN9Z&pf_rd_s=right-2&pf_rd_t=15061&pf_rd_i=homepage&ref_=hm_otw_t0)
2017-03-19 21:31:01 [movie] INFO: Logged rt_url https://www.rottentomatoes.com/m/beauty_and_the_beast_1991/
2017-03-19 21:31:02 [scrapy.core.engine] DEBUG: Crawled (200) <GET https://www.rottentomatoes.com/m/beauty_and_the_beast_1991/> (referer: http://www.bing.com/search?q=rotten+tomatoes+Beauty%20and%20the%20Beast%20)
2017-03-19 21:31:02 [py.warnings] WARNING: imdbscrapper/pipelines.py:38: Warning: Data truncated for column 'imdb_url' at row 1
  item['duration']))

2017-03-19 21:31:02 [py.warnings] WARNING: imdbscrapper/pipelines.py:38: Warning: Data truncated for column 'rt_url' at row 1
  item['duration']))

2017-03-19 21:31:02 [py.warnings] WARNING: imdbscrapper/pipelines.py:38: Warning: Data truncated for column 'duration' at row 1
  item['duration']))

2017-03-19 21:31:02 [py.warnings] WARNING: imdbscrapper/pipelines.py:47: Warning: Field 'watched' doesn't have a default value
  item['duration']))

2017-03-19 21:31:02 [py.warnings] WARNING: imdbscrapper/pipelines.py:47: Warning: Data truncated for column 'rt_rating' at row 1
  item['duration']))

2017-03-19 21:31:02 [movie] DEBUG: Well, here is an new move id : 120.
2017-03-19 21:31:02 [movie] DEBUG: printing genre1:Family
2017-03-19 21:31:02 [movie] DEBUG: printing genre2: Fantasy
2017-03-19 21:31:02 [movie] DEBUG: printing genre3: Musical
2017-03-19 21:31:02 [scrapy.core.scraper] ERROR: Error processing {'duration': [u'\n                        2h 9min\n                    '],
 'genre1': u'Family',
 'genre2': u'Fantasy',
 'genre3': u'Musical',
 'imdb_rating': [u'7.9'],
 'imdb_url': 'http://www.imdb.com/title/tt2771200/?pf_rd_m=A2FGELUUNOQJNL&pf_rd_p=2750721702&pf_rd_r=1S6YAPNFZVJ310SHWN9Z&pf_rd_s=right-2&pf_rd_t=15061&pf_rd_i=homepage&ref_=hm_otw_t0',
 'name': u'Beauty and the Beast ',
 'rt_audience_rating': u'92%',
 'rt_critic_rating': u'93',
 'rt_url': 'https://www.rottentomatoes.com/m/beauty_and_the_beast_1991/',
 'year': u'2017'}
Traceback (most recent call last):
  File "/usr/local/lib/python2.7/dist-packages/twisted/internet/defer.py", line 651, in _runCallbacks
    current.result = callback(current.result, *args, **kw)
  File "imdbscrapper/pipelines.py", line 64, in process_item
    genre1_id))
UnboundLocalError: local variable 'genre1_id' referenced before assignment
2017-03-19 21:31:02 [scrapy.core.engine] INFO: Closing spider (finished)
2017-03-19 21:31:02 [scrapy.statscollectors] INFO: Dumping Scrapy stats:
{'downloader/request_bytes': 1160,
 'downloader/request_count': 3,
 'downloader/request_method_count/GET': 3,
 'downloader/response_bytes': 126746,
 'downloader/response_count': 3,
 'downloader/response_status_count/200': 3,
 'finish_reason': 'finished',
 'finish_time': datetime.datetime(2017, 3, 20, 1, 31, 2, 164548),
 'log_count/DEBUG': 8,
 'log_count/ERROR': 1,
 'log_count/INFO': 9,
 'log_count/WARNING': 5,
 'request_depth_max': 2,
 'response_received_count': 3,
 'scheduler/dequeued': 3,
 'scheduler/dequeued/memory': 3,
 'scheduler/enqueued': 3,
 'scheduler/enqueued/memory': 3,
 'start_time': datetime.datetime(2017, 3, 20, 1, 30, 59, 971743)}
2017-03-19 21:31:02 [scrapy.core.engine] INFO: Spider closed (finished)
