2017-03-19 21:24:30 [scrapy.utils.log] INFO: Scrapy 1.3.1 started (bot: imdbscrapper)
2017-03-19 21:24:30 [scrapy.utils.log] INFO: Overridden settings: {'NEWSPIDER_MODULE': 'imdbscrapper.spiders', 'SPIDER_MODULES': ['imdbscrapper.spiders'], 'LOG_FILE': 'logs/imdbscrapper/movie/f6a0d9100d0b11e7bf58083e8eee7d6d.log', 'USER_AGENT': 'imdbscrapper (+http://www.yourdomain.com)', 'BOT_NAME': 'imdbscrapper'}
2017-03-19 21:24:30 [scrapy.middleware] INFO: Enabled extensions:
['scrapy.extensions.logstats.LogStats',
 'scrapy.extensions.telnet.TelnetConsole',
 'scrapy.extensions.corestats.CoreStats']
2017-03-19 21:24:30 [scrapy.middleware] INFO: Enabled downloader middlewares:
['scrapy.downloadermiddlewares.httpauth.HttpAuthMiddleware',
 'scrapy.downloadermiddlewares.downloadtimeout.DownloadTimeoutMiddleware',
 'scrapy.downloadermiddlewares.defaultheaders.DefaultHeadersMiddleware',
 'scrapy.downloadermiddlewares.useragent.UserAgentMiddleware',
 'scrapy.downloadermiddlewares.retry.RetryMiddleware',
 'scrapy.downloadermiddlewares.redirect.MetaRefreshMiddleware',
 'scrapy.downloadermiddlewares.httpcompression.HttpCompressionMiddleware',
 'scrapy.downloadermiddlewares.redirect.RedirectMiddleware',
 'scrapy.downloadermiddlewares.cookies.CookiesMiddleware',
 'scrapy.downloadermiddlewares.stats.DownloaderStats']
2017-03-19 21:24:30 [scrapy.middleware] INFO: Enabled spider middlewares:
['scrapy.spidermiddlewares.httperror.HttpErrorMiddleware',
 'scrapy.spidermiddlewares.offsite.OffsiteMiddleware',
 'scrapy.spidermiddlewares.referer.RefererMiddleware',
 'scrapy.spidermiddlewares.urllength.UrlLengthMiddleware',
 'scrapy.spidermiddlewares.depth.DepthMiddleware']
2017-03-19 21:24:30 [scrapy.middleware] INFO: Enabled item pipelines:
['imdbscrapper.pipelines.MySQLStorePipeline']
2017-03-19 21:24:30 [scrapy.core.engine] INFO: Spider opened
2017-03-19 21:24:30 [scrapy.extensions.logstats] INFO: Crawled 0 pages (at 0 pages/min), scraped 0 items (at 0 items/min)
2017-03-19 21:24:30 [scrapy.extensions.telnet] DEBUG: Telnet console listening on 127.0.0.1:6023
2017-03-19 21:24:31 [scrapy.core.engine] DEBUG: Crawled (200) <GET http://www.imdb.com/title/tt3841424/> (referer: None)
2017-03-19 21:24:31 [movie] INFO: Logged: search_url proper_string True
2017-03-19 21:24:31 [scrapy.core.engine] DEBUG: Crawled (200) <GET http://www.bing.com/search?q=rotten+tomatoes+Land%20of%20Mine%20> (referer: http://www.imdb.com/title/tt3841424/)
2017-03-19 21:24:32 [movie] INFO: Logged rt_url https://www.rottentomatoes.com/m/land_of_mine/
2017-03-19 21:24:32 [scrapy.core.engine] DEBUG: Crawled (200) <GET https://www.rottentomatoes.com/m/land_of_mine/> (referer: http://www.bing.com/search?q=rotten+tomatoes+Land%20of%20Mine%20)
2017-03-19 21:24:32 [py.warnings] WARNING: imdbscrapper/pipelines.py:38: Warning: Data truncated for column 'duration' at row 1
  item['duration']))

2017-03-19 21:24:32 [scrapy.core.scraper] ERROR: Error processing {'duration': [u'\n                        1h 40min\n                    '],
 'genre1': u'Drama',
 'genre2': u'History',
 'genre3': u'War',
 'imdb_rating': [u'7.8'],
 'imdb_url': 'http://www.imdb.com/title/tt3841424/',
 'name': u'Land of Mine ',
 'rt_audience_rating': u'89%',
 'rt_critic_rating': u'88',
 'rt_url': 'https://www.rottentomatoes.com/m/land_of_mine/',
 'year': u'2015'}
Traceback (most recent call last):
  File "/usr/local/lib/python2.7/dist-packages/twisted/internet/defer.py", line 651, in _runCallbacks
    current.result = callback(current.result, *args, **kw)
  File "imdbscrapper/pipelines.py", line 47, in process_item
    item['duration']))
  File "build/bdist.linux-x86_64/egg/MySQLdb/cursors.py", line 210, in execute
TypeError: not all arguments converted during string formatting
2017-03-19 21:24:32 [scrapy.core.engine] INFO: Closing spider (finished)
2017-03-19 21:24:32 [scrapy.statscollectors] INFO: Dumping Scrapy stats:
{'downloader/request_bytes': 861,
 'downloader/request_count': 3,
 'downloader/request_method_count/GET': 3,
 'downloader/response_bytes': 122603,
 'downloader/response_count': 3,
 'downloader/response_status_count/200': 3,
 'finish_reason': 'finished',
 'finish_time': datetime.datetime(2017, 3, 20, 1, 24, 32, 361711),
 'log_count/DEBUG': 4,
 'log_count/ERROR': 1,
 'log_count/INFO': 9,
 'log_count/WARNING': 1,
 'request_depth_max': 2,
 'response_received_count': 3,
 'scheduler/dequeued': 3,
 'scheduler/dequeued/memory': 3,
 'scheduler/enqueued': 3,
 'scheduler/enqueued/memory': 3,
 'start_time': datetime.datetime(2017, 3, 20, 1, 24, 30, 490112)}
2017-03-19 21:24:32 [scrapy.core.engine] INFO: Spider closed (finished)
