2017-02-15 21:52:31 [scrapy.utils.log] INFO: Scrapy 1.3.1 started (bot: imdbscrapper)
2017-02-15 21:52:31 [scrapy.utils.log] INFO: Overridden settings: {'NEWSPIDER_MODULE': 'imdbscrapper.spiders', 'ROBOTSTXT_OBEY': True, 'SPIDER_MODULES': ['imdbscrapper.spiders'], 'LOG_FILE': 'logs/default/movie/f41feb22f3f211e6a378083e8eee7d6d.log', 'BOT_NAME': 'imdbscrapper'}
2017-02-15 21:52:31 [scrapy.middleware] INFO: Enabled extensions:
['scrapy.extensions.logstats.LogStats',
 'scrapy.extensions.telnet.TelnetConsole',
 'scrapy.extensions.corestats.CoreStats']
2017-02-15 21:52:31 [scrapy.middleware] INFO: Enabled downloader middlewares:
['scrapy.downloadermiddlewares.robotstxt.RobotsTxtMiddleware',
 'scrapy.downloadermiddlewares.httpauth.HttpAuthMiddleware',
 'scrapy.downloadermiddlewares.downloadtimeout.DownloadTimeoutMiddleware',
 'scrapy.downloadermiddlewares.defaultheaders.DefaultHeadersMiddleware',
 'scrapy.downloadermiddlewares.useragent.UserAgentMiddleware',
 'scrapy.downloadermiddlewares.retry.RetryMiddleware',
 'scrapy.downloadermiddlewares.redirect.MetaRefreshMiddleware',
 'scrapy.downloadermiddlewares.httpcompression.HttpCompressionMiddleware',
 'scrapy.downloadermiddlewares.redirect.RedirectMiddleware',
 'scrapy.downloadermiddlewares.cookies.CookiesMiddleware',
 'scrapy.downloadermiddlewares.stats.DownloaderStats']
2017-02-15 21:52:31 [scrapy.middleware] INFO: Enabled spider middlewares:
['scrapy.spidermiddlewares.httperror.HttpErrorMiddleware',
 'scrapy.spidermiddlewares.offsite.OffsiteMiddleware',
 'scrapy.spidermiddlewares.referer.RefererMiddleware',
 'scrapy.spidermiddlewares.urllength.UrlLengthMiddleware',
 'scrapy.spidermiddlewares.depth.DepthMiddleware']
2017-02-15 21:52:31 [scrapy.middleware] INFO: Enabled item pipelines:
[]
2017-02-15 21:52:31 [scrapy.core.engine] INFO: Spider opened
2017-02-15 21:52:31 [scrapy.extensions.logstats] INFO: Crawled 0 pages (at 0 pages/min), scraped 0 items (at 0 items/min)
2017-02-15 21:52:31 [scrapy.extensions.telnet] DEBUG: Telnet console listening on 127.0.0.1:6023
2017-02-15 21:52:31 [scrapy.core.engine] ERROR: Error while obtaining start requests
Traceback (most recent call last):
  File "/usr/local/lib/python2.7/dist-packages/scrapy/core/engine.py", line 127, in _next_request
    request = next(slot.start_requests)
  File "/usr/local/lib/python2.7/dist-packages/scrapy/spiders/__init__.py", line 70, in start_requests
    yield self.make_requests_from_url(url)
  File "/usr/local/lib/python2.7/dist-packages/scrapy/spiders/__init__.py", line 73, in make_requests_from_url
    return Request(url, dont_filter=True)
  File "/usr/local/lib/python2.7/dist-packages/scrapy/http/request/__init__.py", line 25, in __init__
    self._set_url(url)
  File "/usr/local/lib/python2.7/dist-packages/scrapy/http/request/__init__.py", line 51, in _set_url
    raise TypeError('Request url must be str or unicode, got %s:' % type(url).__name__)
TypeError: Request url must be str or unicode, got NoneType:
2017-02-15 21:52:31 [scrapy.core.engine] INFO: Closing spider (finished)
2017-02-15 21:52:31 [scrapy.statscollectors] INFO: Dumping Scrapy stats:
{'finish_reason': 'finished',
 'finish_time': datetime.datetime(2017, 2, 16, 2, 52, 31, 585394),
 'log_count/DEBUG': 1,
 'log_count/ERROR': 1,
 'log_count/INFO': 7,
 'start_time': datetime.datetime(2017, 2, 16, 2, 52, 31, 579082)}
2017-02-15 21:52:31 [scrapy.core.engine] INFO: Spider closed (finished)
